Application/build/outputs/logs/manifest-merger-debug-report.txt
-- Merging decision tree log ---
manifest
ADDED from src\main\AndroidManifest.xml:20:1-52:12
	package
		ADDED from src\main\AndroidManifest.xml:21:5-45
		INJECTED from src\main\AndroidManifest.xml
		INJECTED from src\main\AndroidManifest.xml
	android:versionName
		ADDED from src\main\AndroidManifest.xml:23:5-30
		INJECTED from src\main\AndroidManifest.xml
		INJECTED from src\main\AndroidManifest.xml
	android:versionCode
		ADDED from src\main\AndroidManifest.xml:22:5-28
		INJECTED from src\main\AndroidManifest.xml
		INJECTED from src\main\AndroidManifest.xml
	xmlns:android
		ADDED from src\main\AndroidManifest.xml:20:11-69
uses-feature#android.hardware.bluetooth_le
ADDED from src\main\AndroidManifest.xml:31:5-89
	android:required
		ADDED from src\main\AndroidManifest.xml:31:64-87
	android:name
		ADDED from src\main\AndroidManifest.xml:31:19-63
uses-permission#android.permission.BLUETOOTH
ADDED from src\main\AndroidManifest.xml:33:5-67
	android:name
		ADDED from src\main\AndroidManifest.xml:33:22-65
uses-permission#android.permission.BLUETOOTH_ADMIN
ADDED from src\main\AndroidManifest.xml:34:5-73
	android:name
		ADDED from src\main\AndroidManifest.xml:34:22-71
uses-permission#android.permission.ACCESS_FINE_LOCATION
ADDED from src\main\AndroidManifest.xml:35:5-78
	android:name
		ADDED from src\main\AndroidManifest.xml:35:22-76
uses-permission#android.permission.ACCESS_COARSE_LOCATION
ADDED from src\main\AndroidManifest.xml:36:5-80
	android:name
		ADDED from src\main\AndroidManifest.xml:36:22-78
application
ADDED from src\main\AndroidManifest.xml:38:5-50:19
MERGED from [com.android.support:support-v4:24.1.1] AndroidManifest.xml:25:5-20
MERGED from [com.android.support:support-v13:24.1.1] AndroidManifest.xml:25:5-20
MERGED from [com.android.support:support-v4:24.1.1] AndroidManifest.xml:25:5-20
MERGED from [com.android.support:cardview-v7:24.1.1] AndroidManifest.xml:22:5-20
MERGED from [com.android.support:appcompat-v7:24.1.1] AndroidManifest.xml:25:5-20
MERGED from [com.android.support:animated-vector-drawable:24.1.1] AndroidManifest.xml:22:5-20
MERGED from [com.android.support:support-vector-drawable:24.1.1] AndroidManifest.xml:23:5-20
MERGED from [com.android.support:support-v4:24.1.1] AndroidManifest.xml:25:5-20
MERGED from [com.android.support:support-v4:24.1.1] AndroidManifest.xml:25:5-20
MERGED from [com.android.support:support-vector-drawable:24.1.1] AndroidManifest.xml:23:5-20
MERGED from [com.android.support:support-v4:24.1.1] AndroidManifest.xml:25:5-20
	android:label
		ADDED from src\main\AndroidManifest.xml:38:18-50
	android:icon
		ADDED from src\main\AndroidManifest.xml:39:9-47
	android:theme
		ADDED from src\main\AndroidManifest.xml:40:9-50
activity#ece.ece477.grp4.bb8_ble_remote.DeviceScanActivity
ADDED from src\main\AndroidManifest.xml:41:9-47:20
	android:label
		ADDED from src\main\AndroidManifest.xml:42:13-45
	android:name
		ADDED from src\main\AndroidManifest.xml:41:19-83
intent-filter#android.intent.action.MAIN+android.intent.category.LAUNCHER
ADDED from src\main\AndroidManifest.xml:43:13-46:29
action#android.intent.action.MAIN
ADDED from src\main\AndroidManifest.xml:44:17-68
	android:name
		ADDED from src\main\AndroidManifest.xml:44:25-66
category#android.intent.category.LAUNCHER
ADDED from src\main\AndroidManifest.xml:45:17-76
	android:name
		ADDED from src\main\AndroidManifest.xml:45:27-74
activity#ece.ece477.grp4.bb8_ble_remote.DeviceControlActivity
ADDED from src\main\AndroidManifest.xml:48:9-88
	android:name
		ADDED from src\main\AndroidManifest.xml:48:19-86
service#ece.ece477.grp4.bb8_ble_remote.BluetoothLeService
ADDED from src\main\AndroidManifest.xml:49:9-107
	android:enabled
		ADDED from src\main\AndroidManifest.xml:49:83-105
	android:name
		ADDED from src\main\AndroidManifest.xml:49:18-82
uses-sdk
INJECTED from src\main\AndroidManifest.xml reason: use-sdk injection requested
MERGED from [com.android.support:support-v4:24.1.1] AndroidManifest.xml:21:5-23:54
MERGED from [com.android.support:support-v13:24.1.1] AndroidManifest.xml:21:5-23:55
MERGED from [com.android.support:support-v4:24.1.1] AndroidManifest.xml:21:5-23:54
MERGED from [com.android.support:cardview-v7:24.1.1] AndroidManifest.xml:20:5-43
MERGED from [com.android.support:appcompat-v7:24.1.1] AndroidManifest.xml:21:5-23:78
MERGED from [com.android.support:animated-vector-drawable:24.1.1] AndroidManifest.xml:20:5-44
MERGED from [com.android.support:support-vector-drawable:24.1.1] AndroidManifest.xml:21:5-43
MERGED from [com.android.support:support-v4:24.1.1] AndroidManifest.xml:21:5-23:54
MERGED from [com.android.support:support-v4:24.1.1] AndroidManifest.xml:21:5-23:54
MERGED from [com.android.support:support-vector-drawable:24.1.1] AndroidManifest.xml:21:5-43
MERGED from [com.android.support:support-v4:24.1.1] AndroidManifest.xml:21:5-23:54
	tools:overrideLibrary
		ADDED from [com.android.support:support-v4:24.1.1] AndroidManifest.xml:23:9-51
	android:targetSdkVersion
		INJECTED from src\main\AndroidManifest.xml
		INJECTED from src\main\AndroidManifest.xml
	android:minSdkVersion
		INJECTED from src\main\AndroidManifest.xml
		INJECTED from src\main\AndroidManifest.xml